Not searching for unused variables given on the command line.
[36m--[0m The C compiler identification is GNU 12.2.0
[36m--[0m The CXX compiler identification is GNU 12.2.0
[36m--[0m Detecting C compiler ABI info
[36m--[0m Detecting C compiler ABI info - done
[36m--[0m Check for working C compiler: /usr/bin/cc - skipped
[36m--[0m Detecting C compile features
[36m--[0m Detecting C compile features - done
[36m--[0m Detecting CXX compiler ABI info
[36m--[0m Detecting CXX compiler ABI info - done
[36m--[0m Check for working CXX compiler: /usr/bin/c++ - skipped
[36m--[0m Detecting CXX compile features
[36m--[0m Detecting CXX compile features - done
[36m--[0m Using CATKIN_DEVEL_PREFIX: /home/lulu/gits/Multi-Object-Tracking/track_ws/devel/.private/catkin_tools_prebuild
[36m--[0m Using CMAKE_PREFIX_PATH:
[36m--[0m Found PythonInterp: /usr/bin/python3 (found suitable version "3.11.2", minimum required is "3")
[36m--[0m Using PYTHON_EXECUTABLE: /usr/bin/python3
[36m--[0m Using Debian Python package layout
[36m--[0m Using empy: /usr/bin/empy
[36m--[0m Using CATKIN_ENABLE_TESTING: ON
[36m--[0m Call enable_testing()
[36m--[0m Using CATKIN_TEST_RESULTS_DIR: /home/lulu/gits/Multi-Object-Tracking/track_ws/build/catkin_tools_prebuild/test_results
[36m--[0m GTest is not available. Please install libgtest-dev to enable tests involving GTest.
[36m--[0m GMock is not available. Please install libgmock-dev to enable tests involving GMock.
[36m--[0m nosetests not found, Python tests can not be run (try installing package 'python3-nose')
[36m--[0m Performing Test CMAKE_HAVE_LIBC_PTHREAD
[36m--[0m Performing Test CMAKE_HAVE_LIBC_PTHREAD - Success
[36m--[0m Found Threads: TRUE
[36m--[0m catkin 0.8.10
[36m--[0m BUILD_SHARED_LIBS is on
[36m--[0m Configuring done
[36m--[0m Generating done
[36m--[0m Build files have been written to: /home/lulu/gits/Multi-Object-Tracking/track_ws/build/catkin_tools_prebuild
