In file included from [01m[K/home/lulu/gits/Multi-Object-Tracking/track_ws/src/mot_tracking/src/testkitti.cpp:50[m[K:
[01m[K/home/lulu/gits/Multi-Object-Tracking/track_ws/src/mot_tracking/src/data_source/kitti_reader.h:279:78:[m[K [01;35m[Kwarning: [m[Kbackslash and newline separated by space
  279 |                 if (truncation > max_truncation || occlusion > max_occlusion \
      |                                                                               
In file included from [01m[K/home/lulu/gits/Multi-Object-Tracking/track_ws/src/mot_tracking/src/testkitti.cpp:30[m[K:
[01m[K/home/lulu/gits/Multi-Object-Tracking/track_ws/src/mot_tracking/src/readparam.h:[m[K In member function ‘[01m[KParam Param::operator=(Param&)[m[K’:
[01m[K/home/lulu/gits/Multi-Object-Tracking/track_ws/src/mot_tracking/src/readparam.h:82:9:[m[K [01;35m[Kwarning: [m[Kno return statement in function returning non-void [[01;35m[K]8;;https://gcc.gnu.org/onlinedocs/gcc/Warning-Options.html#index-Wreturn-type-Wreturn-type]8;;[m[K]
   82 |         [01;35m[K}[m[K
      |         [01;35m[K^[m[K
[01m[K/home/lulu/gits/Multi-Object-Tracking/track_ws/src/mot_tracking/src/data_source/kitti_reader.h:[m[K In member function ‘[01m[Kvoid Kitti_Reader::setTrackClass(std::string)[m[K’:
[01m[K/home/lulu/gits/Multi-Object-Tracking/track_ws/src/mot_tracking/src/data_source/kitti_reader.h:189:99:[m[K [01;31m[Kerror: [m[Kno match for ‘[01m[Koperator<[m[K’ (operand types are ‘[01m[Kstd::basic_ostream<char>::__ostream_type[m[K’ {aka ‘[01m[Kstd::basic_ostream<char>[m[K’} and ‘[01m[K<unresolved overloaded function type>[m[K’)
  189 |         [01;31m[Kcout<<"typei"<<trackclass<<classname2id[trackclass]<<_trackclass[classname2id[trackclass]]<endl[m[K;
      |         [01;31m[K~~~~~~~~~~~~~~~~~~~~~~~~~~~~~~~~~~~~~~~~~~~~~~~~~~~~~~~~~~~~~~~~~~~~~~~~~~~~~~~~~~~~~~~~~~^~~~~[m[K
In file included from [01m[K/usr/include/c++/12/string:47[m[K,
                 from [01m[K/usr/include/c++/12/bits/locale_classes.h:40[m[K,
                 from [01m[K/usr/include/c++/12/bits/ios_base.h:41[m[K,
                 from [01m[K/usr/include/c++/12/ios:42[m[K,
                 from [01m[K/usr/include/c++/12/ostream:38[m[K,
                 from [01m[K/usr/include/c++/12/iostream:39[m[K,
                 from [01m[K/home/lulu/gits/Multi-Object-Tracking/track_ws/src/mot_tracking/src/testkitti.cpp:1[m[K:
[01m[K/usr/include/c++/12/bits/stl_iterator.h:451:5:[m[K [01;36m[Knote: [m[Kcandidate: ‘[01m[Ktemplate<class _Iterator> bool std::operator<(const reverse_iterator<_Iterator>&, const reverse_iterator<_Iterator>&)[m[K’
  451 |     [01;36m[Koperator[m[K<(const reverse_iterator<_Iterator>& __x,
      |     [01;36m[K^~~~~~~~[m[K
[01m[K/usr/include/c++/12/bits/stl_iterator.h:451:5:[m[K [01;36m[Knote: [m[K  template argument deduction/substitution failed:
[01m[K/home/lulu/gits/Multi-Object-Tracking/track_ws/src/mot_tracking/src/data_source/kitti_reader.h:189:100:[m[K [01;36m[Knote: [m[K  ‘[01m[Kstd::basic_ostream<char>::__ostream_type[m[K’ {aka ‘[01m[Kstd::basic_ostream<char>[m[K’} is not derived from ‘[01m[Kconst std::reverse_iterator<_Iterator>[m[K’
  189 |         cout<<"typei"<<trackclass<<classname2id[trackclass]<<_trackclass[classname2id[trackclass]]<[01;36m[Kendl[m[K;
      |                                                                                                    [01;36m[K^~~~[m[K
[01m[K/usr/include/c++/12/bits/stl_iterator.h:496:5:[m[K [01;36m[Knote: [m[Kcandidate: ‘[01m[Ktemplate<class _IteratorL, class _IteratorR> bool std::operator<(const reverse_iterator<_Iterator>&, const reverse_iterator<_IteratorR>&)[m[K’
  496 |     [01;36m[Koperator[m[K<(const reverse_iterator<_IteratorL>& __x,
      |     [01;36m[K^~~~~~~~[m[K
[01m[K/usr/include/c++/12/bits/stl_iterator.h:496:5:[m[K [01;36m[Knote: [m[K  template argument deduction/substitution failed:
[01m[K/home/lulu/gits/Multi-Object-Tracking/track_ws/src/mot_tracking/src/data_source/kitti_reader.h:189:100:[m[K [01;36m[Knote: [m[K  ‘[01m[Kstd::basic_ostream<char>::__ostream_type[m[K’ {aka ‘[01m[Kstd::basic_ostream<char>[m[K’} is not derived from ‘[01m[Kconst std::reverse_iterator<_Iterator>[m[K’
  189 |         cout<<"typei"<<trackclass<<classname2id[trackclass]<<_trackclass[classname2id[trackclass]]<[01;36m[Kendl[m[K;
      |                                                                                                    [01;36m[K^~~~[m[K
[01m[K/usr/include/c++/12/bits/stl_iterator.h:1683:5:[m[K [01;36m[Knote: [m[Kcandidate: ‘[01m[Ktemplate<class _IteratorL, class _IteratorR> bool std::operator<(const move_iterator<_IteratorL>&, const move_iterator<_IteratorR>&)[m[K’
 1683 |     [01;36m[Koperator[m[K<(const move_iterator<_IteratorL>& __x,
      |     [01;36m[K^~~~~~~~[m[K
[01m[K/usr/include/c++/12/bits/stl_iterator.h:1683:5:[m[K [01;36m[Knote: [m[K  template argument deduction/substitution failed:
[01m[K/home/lulu/gits/Multi-Object-Tracking/track_ws/src/mot_tracking/src/data_source/kitti_reader.h:189:100:[m[K [01;36m[Knote: [m[K  ‘[01m[Kstd::basic_ostream<char>::__ostream_type[m[K’ {aka ‘[01m[Kstd::basic_ostream<char>[m[K’} is not derived from ‘[01m[Kconst std::move_iterator<_IteratorL>[m[K’
  189 |         cout<<"typei"<<trackclass<<classname2id[trackclass]<<_trackclass[classname2id[trackclass]]<[01;36m[Kendl[m[K;
      |                                                                                                    [01;36m[K^~~~[m[K
[01m[K/usr/include/c++/12/bits/stl_iterator.h:1748:5:[m[K [01;36m[Knote: [m[Kcandidate: ‘[01m[Ktemplate<class _Iterator> bool std::operator<(const move_iterator<_IteratorL>&, const move_iterator<_IteratorL>&)[m[K’
 1748 |     [01;36m[Koperator[m[K<(const move_iterator<_Iterator>& __x,
      |     [01;36m[K^~~~~~~~[m[K
[01m[K/usr/include/c++/12/bits/stl_iterator.h:1748:5:[m[K [01;36m[Knote: [m[K  template argument deduction/substitution failed:
[01m[K/home/lulu/gits/Multi-Object-Tracking/track_ws/src/mot_tracking/src/data_source/kitti_reader.h:189:100:[m[K [01;36m[Knote: [m[K  ‘[01m[Kstd::basic_ostream<char>::__ostream_type[m[K’ {aka ‘[01m[Kstd::basic_ostream<char>[m[K’} is not derived from ‘[01m[Kconst std::move_iterator<_IteratorL>[m[K’
  189 |         cout<<"typei"<<trackclass<<classname2id[trackclass]<<_trackclass[classname2id[trackclass]]<[01;36m[Kendl[m[K;
      |                                                                                                    [01;36m[K^~~~[m[K
In file included from [01m[K/usr/include/c++/12/bits/stl_algobase.h:64[m[K,
                 from [01m[K/usr/include/c++/12/string:50[m[K:
[01m[K/usr/include/c++/12/bits/stl_pair.h:663:5:[m[K [01;36m[Knote: [m[Kcandidate: ‘[01m[Ktemplate<class _T1, class _T2> constexpr bool std::operator<(const pair<_T1, _T2>&, const pair<_T1, _T2>&)[m[K’
  663 |     [01;36m[Koperator[m[K<(const pair<_T1, _T2>& __x, const pair<_T1, _T2>& __y)
      |     [01;36m[K^~~~~~~~[m[K
[01m[K/usr/include/c++/12/bits/stl_pair.h:663:5:[m[K [01;36m[Knote: [m[K  template argument deduction/substitution failed:
[01m[K/home/lulu/gits/Multi-Object-Tracking/track_ws/src/mot_tracking/src/data_source/kitti_reader.h:189:100:[m[K [01;36m[Knote: [m[K  ‘[01m[Kstd::basic_ostream<char>::__ostream_type[m[K’ {aka ‘[01m[Kstd::basic_ostream<char>[m[K’} is not derived from ‘[01m[Kconst std::pair<_T1, _T2>[m[K’
  189 |         cout<<"typei"<<trackclass<<classname2id[trackclass]<<_trackclass[classname2id[trackclass]]<[01;36m[Kendl[m[K;
      |                                                                                                    [01;36m[K^~~~[m[K
In file included from [01m[K/usr/include/c++/12/string:53[m[K:
[01m[K/usr/include/c++/12/bits/basic_string.h:3691:5:[m[K [01;36m[Knote: [m[Kcandidate: ‘[01m[Ktemplate<class _CharT, class _Traits, class _Alloc> bool std::operator<(const __cxx11::basic_string<_CharT, _Traits, _Alloc>&, const __cxx11::basic_string<_CharT, _Traits, _Alloc>&)[m[K’
 3691 |     [01;36m[Koperator[m[K<(const basic_string<_CharT, _Traits, _Alloc>& __lhs,
      |     [01;36m[K^~~~~~~~[m[K
[01m[K/usr/include/c++/12/bits/basic_string.h:3691:5:[m[K [01;36m[Knote: [m[K  template argument deduction/substitution failed:
[01m[K/home/lulu/gits/Multi-Object-Tracking/track_ws/src/mot_tracking/src/data_source/kitti_reader.h:189:100:[m[K [01;36m[Knote: [m[K  ‘[01m[Kstd::basic_ostream<char>::__ostream_type[m[K’ {aka ‘[01m[Kstd::basic_ostream<char>[m[K’} is not derived from ‘[01m[Kconst std::__cxx11::basic_string<_CharT, _Traits, _Alloc>[m[K’
  189 |         cout<<"typei"<<trackclass<<classname2id[trackclass]<<_trackclass[classname2id[trackclass]]<[01;36m[Kendl[m[K;
      |                                                                                                    [01;36m[K^~~~[m[K
[01m[K/usr/include/c++/12/bits/basic_string.h:3704:5:[m[K [01;36m[Knote: [m[Kcandidate: ‘[01m[Ktemplate<class _CharT, class _Traits, class _Alloc> bool std::operator<(const __cxx11::basic_string<_CharT, _Traits, _Alloc>&, const _CharT*)[m[K’
 3704 |     [01;36m[Koperator[m[K<(const basic_string<_CharT, _Traits, _Alloc>& __lhs,
      |     [01;36m[K^~~~~~~~[m[K
[01m[K/usr/include/c++/12/bits/basic_string.h:3704:5:[m[K [01;36m[Knote: [m[K  template argument deduction/substitution failed:
[01m[K/home/lulu/gits/Multi-Object-Tracking/track_ws/src/mot_tracking/src/data_source/kitti_reader.h:189:100:[m[K [01;36m[Knote: [m[K  ‘[01m[Kstd::basic_ostream<char>::__ostream_type[m[K’ {aka ‘[01m[Kstd::basic_ostream<char>[m[K’} is not derived from ‘[01m[Kconst std::__cxx11::basic_string<_CharT, _Traits, _Alloc>[m[K’
  189 |         cout<<"typei"<<trackclass<<classname2id[trackclass]<<_trackclass[classname2id[trackclass]]<[01;36m[Kendl[m[K;
      |                                                                                                    [01;36m[K^~~~[m[K
[01m[K/usr/include/c++/12/bits/basic_string.h:3716:5:[m[K [01;36m[Knote: [m[Kcandidate: ‘[01m[Ktemplate<class _CharT, class _Traits, class _Alloc> bool std::operator<(const _CharT*, const __cxx11::basic_string<_CharT, _Traits, _Alloc>&)[m[K’
 3716 |     [01;36m[Koperator[m[K<(const _CharT* __lhs,
      |     [01;36m[K^~~~~~~~[m[K
[01m[K/usr/include/c++/12/bits/basic_string.h:3716:5:[m[K [01;36m[Knote: [m[K  template argument deduction/substitution failed:
[01m[K/home/lulu/gits/Multi-Object-Tracking/track_ws/src/mot_tracking/src/data_source/kitti_reader.h:189:100:[m[K [01;36m[Knote: [m[K  mismatched types ‘[01m[Kconst _CharT*[m[K’ and ‘[01m[Kstd::basic_ostream<char>[m[K’
  189 |         cout<<"typei"<<trackclass<<classname2id[trackclass]<<_trackclass[classname2id[trackclass]]<[01;36m[Kendl[m[K;
      |                                                                                                    [01;36m[K^~~~[m[K
In file included from [01m[K/usr/include/c++/12/vector:64[m[K,
                 from [01m[K/home/lulu/gits/Multi-Object-Tracking/track_ws/src/mot_tracking/src/testkitti.cpp:2[m[K:
[01m[K/usr/include/c++/12/bits/stl_vector.h:2074:5:[m[K [01;36m[Knote: [m[Kcandidate: ‘[01m[Ktemplate<class _Tp, class _Alloc> bool std::operator<(const vector<_Tp, _Alloc>&, const vector<_Tp, _Alloc>&)[m[K’
 2074 |     [01;36m[Koperator[m[K<(const vector<_Tp, _Alloc>& __x, const vector<_Tp, _Alloc>& __y)
      |     [01;36m[K^~~~~~~~[m[K
[01m[K/usr/include/c++/12/bits/stl_vector.h:2074:5:[m[K [01;36m[Knote: [m[K  template argument deduction/substitution failed:
[01m[K/home/lulu/gits/Multi-Object-Tracking/track_ws/src/mot_tracking/src/data_source/kitti_reader.h:189:100:[m[K [01;36m[Knote: [m[K  ‘[01m[Kstd::basic_ostream<char>::__ostream_type[m[K’ {aka ‘[01m[Kstd::basic_ostream<char>[m[K’} is not derived from ‘[01m[Kconst std::vector<_Tp, _Alloc>[m[K’
  189 |         cout<<"typei"<<trackclass<<classname2id[trackclass]<<_trackclass[classname2id[trackclass]]<[01;36m[Kendl[m[K;
      |                                                                                                    [01;36m[K^~~~[m[K
In file included from [01m[K/usr/include/c++/12/bits/hashtable_policy.h:34[m[K,
                 from [01m[K/usr/include/c++/12/bits/hashtable.h:35[m[K,
                 from [01m[K/usr/include/c++/12/unordered_map:46[m[K,
                 from [01m[K/home/lulu/gits/Multi-Object-Tracking/track_ws/src/mot_tracking/src/testkitti.cpp:11[m[K:
[01m[K/usr/include/c++/12/tuple:1538:5:[m[K [01;36m[Knote: [m[Kcandidate: ‘[01m[Ktemplate<class ... _TElements, class ... _UElements> constexpr bool std::operator<(const tuple<_Elements ...>&, const tuple<_Types ...>&)[m[K’
 1538 |     [01;36m[Koperator[m[K<(const tuple<_TElements...>& __t,
      |     [01;36m[K^~~~~~~~[m[K
[01m[K/usr/include/c++/12/tuple:1538:5:[m[K [01;36m[Knote: [m[K  template argument deduction/substitution failed:
[01m[K/home/lulu/gits/Multi-Object-Tracking/track_ws/src/mot_tracking/src/data_source/kitti_reader.h:189:100:[m[K [01;36m[Knote: [m[K  ‘[01m[Kstd::basic_ostream<char>::__ostream_type[m[K’ {aka ‘[01m[Kstd::basic_ostream<char>[m[K’} is not derived from ‘[01m[Kconst std::tuple<_Elements ...>[m[K’
  189 |         cout<<"typei"<<trackclass<<classname2id[trackclass]<<_trackclass[classname2id[trackclass]]<[01;36m[Kendl[m[K;
      |                                                                                                    [01;36m[K^~~~[m[K
In file included from [01m[K/usr/include/eigen3/Eigen/Core:98[m[K,
                 from [01m[K/usr/include/eigen3/Eigen/Dense:1[m[K,
                 from [01m[K/home/lulu/gits/Multi-Object-Tracking/track_ws/src/mot_tracking/src/testkitti.cpp:18[m[K:
[01m[K/usr/include/c++/12/array:340:5:[m[K [01;36m[Knote: [m[Kcandidate: ‘[01m[Ktemplate<class _Tp, long unsigned int _Nm> bool std::operator<(const array<_Tp, _Nm>&, const array<_Tp, _Nm>&)[m[K’
  340 |     [01;36m[Koperator[m[K<(const array<_Tp, _Nm>& __a, const array<_Tp, _Nm>& __b)
      |     [01;36m[K^~~~~~~~[m[K
[01m[K/usr/include/c++/12/array:340:5:[m[K [01;36m[Knote: [m[K  template argument deduction/substitution failed:
[01m[K/home/lulu/gits/Multi-Object-Tracking/track_ws/src/mot_tracking/src/data_source/kitti_reader.h:189:100:[m[K [01;36m[Knote: [m[K  ‘[01m[Kstd::basic_ostream<char>::__ostream_type[m[K’ {aka ‘[01m[Kstd::basic_ostream<char>[m[K’} is not derived from ‘[01m[Kconst std::array<_Tp, _Nm>[m[K’
  189 |         cout<<"typei"<<trackclass<<classname2id[trackclass]<<_trackclass[classname2id[trackclass]]<[01;36m[Kendl[m[K;
      |                                                                                                    [01;36m[K^~~~[m[K
In file included from [01m[K/usr/include/c++/12/map:61[m[K,
                 from [01m[K/usr/include/boost/system/detail/std_interoperability.hpp:11[m[K,
                 from [01m[K/usr/include/boost/system/error_code.hpp:963[m[K,
                 from [01m[K/usr/include/boost/filesystem/path_traits.hpp:22[m[K,
                 from [01m[K/usr/include/boost/filesystem/path.hpp:26[m[K,
                 from [01m[K/usr/include/boost/filesystem/operations.hpp:26[m[K,
                 from [01m[K/home/lulu/gits/Multi-Object-Tracking/track_ws/src/mot_tracking/src/testkitti.cpp:24[m[K:
[01m[K/usr/include/c++/12/bits/stl_map.h:1549:5:[m[K [01;36m[Knote: [m[Kcandidate: ‘[01m[Ktemplate<class _Key, class _Tp, class _Compare, class _Alloc> bool std::operator<(const map<_Key, _Tp, _Compare, _Alloc>&, const map<_Key, _Tp, _Compare, _Alloc>&)[m[K’
 1549 |     [01;36m[Koperator[m[K<(const map<_Key, _Tp, _Compare, _Alloc>& __x,
      |     [01;36m[K^~~~~~~~[m[K
[01m[K/usr/include/c++/12/bits/stl_map.h:1549:5:[m[K [01;36m[Knote: [m[K  template argument deduction/substitution failed:
[01m[K/home/lulu/gits/Multi-Object-Tracking/track_ws/src/mot_tracking/src/data_source/kitti_reader.h:189:100:[m[K [01;36m[Knote: [m[K  ‘[01m[Kstd::basic_ostream<char>::__ostream_type[m[K’ {aka ‘[01m[Kstd::basic_ostream<char>[m[K’} is not derived from ‘[01m[Kconst std::map<_Key, _Tp, _Compare, _Alloc>[m[K’
  189 |         cout<<"typei"<<trackclass<<classname2id[trackclass]<<_trackclass[classname2id[trackclass]]<[01;36m[Kendl[m[K;
      |                                                                                                    [01;36m[K^~~~[m[K
In file included from [01m[K/usr/include/c++/12/map:62[m[K:
[01m[K/usr/include/c++/12/bits/stl_multimap.h:1170:5:[m[K [01;36m[Knote: [m[Kcandidate: ‘[01m[Ktemplate<class _Key, class _Tp, class _Compare, class _Alloc> bool std::operator<(const multimap<_Key, _Tp, _Compare, _Alloc>&, const multimap<_Key, _Tp, _Compare, _Alloc>&)[m[K’
 1170 |     [01;36m[Koperator[m[K<(const multimap<_Key, _Tp, _Compare, _Alloc>& __x,
      |     [01;36m[K^~~~~~~~[m[K
[01m[K/usr/include/c++/12/bits/stl_multimap.h:1170:5:[m[K [01;36m[Knote: [m[K  template argument deduction/substitution failed:
[01m[K/home/lulu/gits/Multi-Object-Tracking/track_ws/src/mot_tracking/src/data_source/kitti_reader.h:189:100:[m[K [01;36m[Knote: [m[K  ‘[01m[Kstd::basic_ostream<char>::__ostream_type[m[K’ {aka ‘[01m[Kstd::basic_ostream<char>[m[K’} is not derived from ‘[01m[Kconst std::multimap<_Key, _Tp, _Compare, _Alloc>[m[K’
  189 |         cout<<"typei"<<trackclass<<classname2id[trackclass]<<_trackclass[classname2id[trackclass]]<[01;36m[Kendl[m[K;
      |                                                                                                    [01;36m[K^~~~[m[K
In file included from [01m[K/usr/include/c++/12/memory:76[m[K,
                 from [01m[K/usr/include/boost/system/detail/std_interoperability.hpp:12[m[K:
[01m[K/usr/include/c++/12/bits/unique_ptr.h:872:5:[m[K [01;36m[Knote: [m[Kcandidate: ‘[01m[Ktemplate<class _Tp, class _Dp, class _Up, class _Ep> bool std::operator<(const unique_ptr<_Tp, _Dp>&, const unique_ptr<_Up, _Ep>&)[m[K’
  872 |     [01;36m[Koperator[m[K<(const unique_ptr<_Tp, _Dp>& __x,
      |     [01;36m[K^~~~~~~~[m[K
[01m[K/usr/include/c++/12/bits/unique_ptr.h:872:5:[m[K [01;36m[Knote: [m[K  template argument deduction/substitution failed:
[01m[K/home/lulu/gits/Multi-Object-Tracking/track_ws/src/mot_tracking/src/data_source/kitti_reader.h:189:100:[m[K [01;36m[Knote: [m[K  ‘[01m[Kstd::basic_ostream<char>::__ostream_type[m[K’ {aka ‘[01m[Kstd::basic_ostream<char>[m[K’} is not derived from ‘[01m[Kconst std::unique_ptr<_Tp, _Dp>[m[K’
  189 |         cout<<"typei"<<trackclass<<classname2id[trackclass]<<_trackclass[classname2id[trackclass]]<[01;36m[Kendl[m[K;
      |                                                                                                    [01;36m[K^~~~[m[K
[01m[K/usr/include/c++/12/bits/unique_ptr.h:885:5:[m[K [01;36m[Knote: [m[Kcandidate: ‘[01m[Ktemplate<class _Tp, class _Dp> bool std::operator<(const unique_ptr<_Tp, _Dp>&, nullptr_t)[m[K’
  885 |     [01;36m[Koperator[m[K<(const unique_ptr<_Tp, _Dp>& __x, nullptr_t)
      |     [01;36m[K^~~~~~~~[m[K
[01m[K/usr/include/c++/12/bits/unique_ptr.h:885:5:[m[K [01;36m[Knote: [m[K  template argument deduction/substitution failed:
[01m[K/home/lulu/gits/Multi-Object-Tracking/track_ws/src/mot_tracking/src/data_source/kitti_reader.h:189:100:[m[K [01;36m[Knote: [m[K  ‘[01m[Kstd::basic_ostream<char>::__ostream_type[m[K’ {aka ‘[01m[Kstd::basic_ostream<char>[m[K’} is not derived from ‘[01m[Kconst std::unique_ptr<_Tp, _Dp>[m[K’
  189 |         cout<<"typei"<<trackclass<<classname2id[trackclass]<<_trackclass[classname2id[trackclass]]<[01;36m[Kendl[m[K;
      |                                                                                                    [01;36m[K^~~~[m[K
[01m[K/usr/include/c++/12/bits/unique_ptr.h:895:5:[m[K [01;36m[Knote: [m[Kcandidate: ‘[01m[Ktemplate<class _Tp, class _Dp> bool std::operator<(nullptr_t, const unique_ptr<_Tp, _Dp>&)[m[K’
  895 |     [01;36m[Koperator[m[K<(nullptr_t, const unique_ptr<_Tp, _Dp>& __x)
      |     [01;36m[K^~~~~~~~[m[K
[01m[K/usr/include/c++/12/bits/unique_ptr.h:895:5:[m[K [01;36m[Knote: [m[K  template argument deduction/substitution failed:
[01m[K/home/lulu/gits/Multi-Object-Tracking/track_ws/src/mot_tracking/src/data_source/kitti_reader.h:189:100:[m[K [01;36m[Knote: [m[K  couldn’t deduce template parameter ‘[01m[K_Tp[m[K’
  189 |         cout<<"typei"<<trackclass<<classname2id[trackclass]<<_trackclass[classname2id[trackclass]]<[01;36m[Kendl[m[K;
      |                                                                                                    [01;36m[K^~~~[m[K
In file included from [01m[K/usr/include/c++/12/bits/shared_ptr.h:53[m[K,
                 from [01m[K/usr/include/c++/12/memory:77[m[K:
[01m[K/usr/include/c++/12/bits/shared_ptr_base.h:1840:5:[m[K [01;36m[Knote: [m[Kcandidate: ‘[01m[Ktemplate<class _Tp, class _Up, __gnu_cxx::_Lock_policy _Lp> bool std::operator<(const __shared_ptr<_Tp1, _Lp>&, const __shared_ptr<_Tp2, _Lp>&)[m[K’
 1840 |     [01;36m[Koperator[m[K<(const __shared_ptr<_Tp, _Lp>& __a,
      |     [01;36m[K^~~~~~~~[m[K
[01m[K/usr/include/c++/12/bits/shared_ptr_base.h:1840:5:[m[K [01;36m[Knote: [m[K  template argument deduction/substitution failed:
[01m[K/home/lulu/gits/Multi-Object-Tracking/track_ws/src/mot_tracking/src/data_source/kitti_reader.h:189:100:[m[K [01;36m[Knote: [m[K  ‘[01m[Kstd::basic_ostream<char>::__ostream_type[m[K’ {aka ‘[01m[Kstd::basic_ostream<char>[m[K’} is not derived from ‘[01m[Kconst std::__shared_ptr<_Tp1, _Lp>[m[K’
  189 |         cout<<"typei"<<trackclass<<classname2id[trackclass]<<_trackclass[classname2id[trackclass]]<[01;36m[Kendl[m[K;
      |                                                                                                    [01;36m[K^~~~[m[K
[01m[K/usr/include/c++/12/bits/shared_ptr_base.h:1851:5:[m[K [01;36m[Knote: [m[Kcandidate: ‘[01m[Ktemplate<class _Tp, __gnu_cxx::_Lock_policy _Lp> bool std::operator<(const __shared_ptr<_Tp, _Lp>&, nullptr_t)[m[K’
 1851 |     [01;36m[Koperator[m[K<(const __shared_ptr<_Tp, _Lp>& __a, nullptr_t) noexcept
      |     [01;36m[K^~~~~~~~[m[K
[01m[K/usr/include/c++/12/bits/shared_ptr_base.h:1851:5:[m[K [01;36m[Knote: [m[K  template argument deduction/substitution failed:
[01m[K/home/lulu/gits/Multi-Object-Tracking/track_ws/src/mot_tracking/src/data_source/kitti_reader.h:189:100:[m[K [01;36m[Knote: [m[K  ‘[01m[Kstd::basic_ostream<char>::__ostream_type[m[K’ {aka ‘[01m[Kstd::basic_ostream<char>[m[K’} is not derived from ‘[01m[Kconst std::__shared_ptr<_Tp, _Lp>[m[K’
  189 |         cout<<"typei"<<trackclass<<classname2id[trackclass]<<_trackclass[classname2id[trackclass]]<[01;36m[Kendl[m[K;
      |                                                                                                    [01;36m[K^~~~[m[K
[01m[K/usr/include/c++/12/bits/shared_ptr_base.h:1859:5:[m[K [01;36m[Knote: [m[Kcandidate: ‘[01m[Ktemplate<class _Tp, __gnu_cxx::_Lock_policy _Lp> bool std::operator<(nullptr_t, const __shared_ptr<_Tp, _Lp>&)[m[K’
 1859 |     [01;36m[Koperator[m[K<(nullptr_t, const __shared_ptr<_Tp, _Lp>& __a) noexcept
      |     [01;36m[K^~~~~~~~[m[K
[01m[K/usr/include/c++/12/bits/shared_ptr_base.h:1859:5:[m[K [01;36m[Knote: [m[K  template argument deduction/substitution failed:
[01m[K/home/lulu/gits/Multi-Object-Tracking/track_ws/src/mot_tracking/src/data_source/kitti_reader.h:189:100:[m[K [01;36m[Knote: [m[K  couldn’t deduce template parameter ‘[01m[K_Tp[m[K’
  189 |         cout<<"typei"<<trackclass<<classname2id[trackclass]<<_trackclass[classname2id[trackclass]]<[01;36m[Kendl[m[K;
      |                                                                                                    [01;36m[K^~~~[m[K
[01m[K/usr/include/c++/12/bits/shared_ptr.h:606:5:[m[K [01;36m[Knote: [m[Kcandidate: ‘[01m[Ktemplate<class _Tp, class _Up> bool std::operator<(const shared_ptr<_Tp>&, const shared_ptr<_Tp>&)[m[K’
  606 |     [01;36m[Koperator[m[K<(const shared_ptr<_Tp>& __a, const shared_ptr<_Up>& __b) noexcept
      |     [01;36m[K^~~~~~~~[m[K
[01m[K/usr/include/c++/12/bits/shared_ptr.h:606:5:[m[K [01;36m[Knote: [m[K  template argument deduction/substitution failed:
[01m[K/home/lulu/gits/Multi-Object-Tracking/track_ws/src/mot_tracking/src/data_source/kitti_reader.h:189:100:[m[K [01;36m[Knote: [m[K  ‘[01m[Kstd::basic_ostream<char>::__ostream_type[m[K’ {aka ‘[01m[Kstd::basic_ostream<char>[m[K’} is not derived from ‘[01m[Kconst std::shared_ptr<_Tp>[m[K’
  189 |         cout<<"typei"<<trackclass<<classname2id[trackclass]<<_trackclass[classname2id[trackclass]]<[01;36m[Kendl[m[K;
      |                                                                                                    [01;36m[K^~~~[m[K
[01m[K/usr/include/c++/12/bits/shared_ptr.h:617:5:[m[K [01;36m[Knote: [m[Kcandidate: ‘[01m[Ktemplate<class _Tp> bool std::operator<(const shared_ptr<_Tp>&, nullptr_t)[m[K’
  617 |     [01;36m[Koperator[m[K<(const shared_ptr<_Tp>& __a, nullptr_t) noexcept
      |     [01;36m[K^~~~~~~~[m[K
[01m[K/usr/include/c++/12/bits/shared_ptr.h:617:5:[m[K [01;36m[Knote: [m[K  template argument deduction/substitution failed:
[01m[K/home/lulu/gits/Multi-Object-Tracking/track_ws/src/mot_tracking/src/data_source/kitti_reader.h:189:100:[m[K [01;36m[Knote: [m[K  ‘[01m[Kstd::basic_ostream<char>::__ostream_type[m[K’ {aka ‘[01m[Kstd::basic_ostream<char>[m[K’} is not derived from ‘[01m[Kconst std::shared_ptr<_Tp>[m[K’
  189 |         cout<<"typei"<<trackclass<<classname2id[trackclass]<<_trackclass[classname2id[trackclass]]<[01;36m[Kendl[m[K;
      |                                                                                                    [01;36m[K^~~~[m[K
[01m[K/usr/include/c++/12/bits/shared_ptr.h:626:5:[m[K [01;36m[Knote: [m[Kcandidate: ‘[01m[Ktemplate<class _Tp> bool std::operator<(nullptr_t, const shared_ptr<_Tp>&)[m[K’
  626 |     [01;36m[Koperator[m[K<(nullptr_t, const shared_ptr<_Tp>& __a) noexcept
      |     [01;36m[K^~~~~~~~[m[K
[01m[K/usr/include/c++/12/bits/shared_ptr.h:626:5:[m[K [01;36m[Knote: [m[K  template argument deduction/substitution failed:
[01m[K/home/lulu/gits/Multi-Object-Tracking/track_ws/src/mot_tracking/src/data_source/kitti_reader.h:189:100:[m[K [01;36m[Knote: [m[K  couldn’t deduce template parameter ‘[01m[K_Tp[m[K’
  189 |         cout<<"typei"<<trackclass<<classname2id[trackclass]<<_trackclass[classname2id[trackclass]]<[01;36m[Kendl[m[K;
      |                                                                                                    [01;36m[K^~~~[m[K
In file included from [01m[K/usr/include/c++/12/list:63[m[K,
                 from [01m[K/usr/include/boost/filesystem/path_traits.hpp:27[m[K:
[01m[K/usr/include/c++/12/bits/stl_list.h:2181:5:[m[K [01;36m[Knote: [m[Kcandidate: ‘[01m[Ktemplate<class _Tp, class _Alloc> bool std::operator<(const __cxx11::list<_Tp, _Alloc>&, const __cxx11::list<_Tp, _Alloc>&)[m[K’
 2181 |     [01;36m[Koperator[m[K<(const list<_Tp, _Alloc>& __x, const list<_Tp, _Alloc>& __y)
      |     [01;36m[K^~~~~~~~[m[K
[01m[K/usr/include/c++/12/bits/stl_list.h:2181:5:[m[K [01;36m[Knote: [m[K  template argument deduction/substitution failed:
[01m[K/home/lulu/gits/Multi-Object-Tracking/track_ws/src/mot_tracking/src/data_source/kitti_reader.h:189:100:[m[K [01;36m[Knote: [m[K  ‘[01m[Kstd::basic_ostream<char>::__ostream_type[m[K’ {aka ‘[01m[Kstd::basic_ostream<char>[m[K’} is not derived from ‘[01m[Kconst std::__cxx11::list<_Tp, _Alloc>[m[K’
  189 |         cout<<"typei"<<trackclass<<classname2id[trackclass]<<_trackclass[classname2id[trackclass]]<[01;36m[Kendl[m[K;
      |                                                                                                    [01;36m[K^~~~[m[K
In file included from [01m[K/usr/include/c++/12/set:61[m[K,
                 from [01m[K/home/lulu/gits/Multi-Object-Tracking/track_ws/src/mot_tracking/src/tracker.h:15[m[K,
                 from [01m[K/home/lulu/gits/Multi-Object-Tracking/track_ws/src/mot_tracking/src/testkitti.cpp:31[m[K:
[01m[K/usr/include/c++/12/bits/stl_set.h:1023:5:[m[K [01;36m[Knote: [m[Kcandidate: ‘[01m[Ktemplate<class _Key, class _Compare, class _Alloc> bool std::operator<(const set<_Key, _Compare, _Alloc>&, const set<_Key, _Compare, _Alloc>&)[m[K’
 1023 |     [01;36m[Koperator[m[K<(const set<_Key, _Compare, _Alloc>& __x,
      |     [01;36m[K^~~~~~~~[m[K
[01m[K/usr/include/c++/12/bits/stl_set.h:1023:5:[m[K [01;36m[Knote: [m[K  template argument deduction/substitution failed:
[01m[K/home/lulu/gits/Multi-Object-Tracking/track_ws/src/mot_tracking/src/data_source/kitti_reader.h:189:100:[m[K [01;36m[Knote: [m[K  ‘[01m[Kstd::basic_ostream<char>::__ostream_type[m[K’ {aka ‘[01m[Kstd::basic_ostream<char>[m[K’} is not derived from ‘[01m[Kconst std::set<_Key, _Compare, _Alloc>[m[K’
  189 |         cout<<"typei"<<trackclass<<classname2id[trackclass]<<_trackclass[classname2id[trackclass]]<[01;36m[Kendl[m[K;
      |                                                                                                    [01;36m[K^~~~[m[K
In file included from [01m[K/usr/include/c++/12/set:62[m[K:
[01m[K/usr/include/c++/12/bits/stl_multiset.h:1010:5:[m[K [01;36m[Knote: [m[Kcandidate: ‘[01m[Ktemplate<class _Key, class _Compare, class _Alloc> bool std::operator<(const multiset<_Key, _Compare, _Alloc>&, const multiset<_Key, _Compare, _Alloc>&)[m[K’
 1010 |     [01;36m[Koperator[m[K<(const multiset<_Key, _Compare, _Alloc>& __x,
      |     [01;36m[K^~~~~~~~[m[K
[01m[K/usr/include/c++/12/bits/stl_multiset.h:1010:5:[m[K [01;36m[Knote: [m[K  template argument deduction/substitution failed:
[01m[K/home/lulu/gits/Multi-Object-Tracking/track_ws/src/mot_tracking/src/data_source/kitti_reader.h:189:100:[m[K [01;36m[Knote: [m[K  ‘[01m[Kstd::basic_ostream<char>::__ostream_type[m[K’ {aka ‘[01m[Kstd::basic_ostream<char>[m[K’} is not derived from ‘[01m[Kconst std::multiset<_Key, _Compare, _Alloc>[m[K’
  189 |         cout<<"typei"<<trackclass<<classname2id[trackclass]<<_trackclass[classname2id[trackclass]]<[01;36m[Kendl[m[K;
      |                                                                                                    [01;36m[K^~~~[m[K
In file included from [01m[K/usr/include/c++/12/deque:64[m[K,
                 from [01m[K/usr/include/c++/12/queue:60[m[K,
                 from [01m[K/usr/include/opencv4/opencv2/stitching/detail/util_inl.hpp:46[m[K,
                 from [01m[K/usr/include/opencv4/opencv2/stitching/detail/util.hpp:119[m[K,
                 from [01m[K/usr/include/opencv4/opencv2/stitching/detail/motion_estimators.hpp:48[m[K,
                 from [01m[K/usr/include/opencv4/opencv2/stitching.hpp:50[m[K,
                 from [01m[K/usr/include/opencv4/opencv2/opencv.hpp:86[m[K,
                 from [01m[K/home/lulu/gits/Multi-Object-Tracking/track_ws/src/mot_tracking/src/track.h:15[m[K,
                 from [01m[K/home/lulu/gits/Multi-Object-Tracking/track_ws/src/mot_tracking/src/tracker.h:21[m[K:
[01m[K/usr/include/c++/12/bits/stl_deque.h:2330:5:[m[K [01;36m[Knote: [m[Kcandidate: ‘[01m[Ktemplate<class _Tp, class _Alloc> bool std::operator<(const deque<_Tp, _Alloc>&, const deque<_Tp, _Alloc>&)[m[K’
 2330 |     [01;36m[Koperator[m[K<(const deque<_Tp, _Alloc>& __x, const deque<_Tp, _Alloc>& __y)
      |     [01;36m[K^~~~~~~~[m[K
[01m[K/usr/include/c++/12/bits/stl_deque.h:2330:5:[m[K [01;36m[Knote: [m[K  template argument deduction/substitution failed:
[01m[K/home/lulu/gits/Multi-Object-Tracking/track_ws/src/mot_tracking/src/data_source/kitti_reader.h:189:100:[m[K [01;36m[Knote: [m[K  ‘[01m[Kstd::basic_ostream<char>::__ostream_type[m[K’ {aka ‘[01m[Kstd::basic_ostream<char>[m[K’} is not derived from ‘[01m[Kconst std::deque<_Tp, _Alloc>[m[K’
  189 |         cout<<"typei"<<trackclass<<classname2id[trackclass]<<_trackclass[classname2id[trackclass]]<[01;36m[Kendl[m[K;
      |                                                                                                    [01;36m[K^~~~[m[K
In file included from [01m[K/usr/include/c++/12/queue:64[m[K:
[01m[K/usr/include/c++/12/bits/stl_queue.h:399:5:[m[K [01;36m[Knote: [m[Kcandidate: ‘[01m[Ktemplate<class _Tp, class _Seq> bool std::operator<(const queue<_Tp, _Seq>&, const queue<_Tp, _Seq>&)[m[K’
  399 |     [01;36m[Koperator[m[K<(const queue<_Tp, _Seq>& __x, const queue<_Tp, _Seq>& __y)
      |     [01;36m[K^~~~~~~~[m[K
[01m[K/usr/include/c++/12/bits/stl_queue.h:399:5:[m[K [01;36m[Knote: [m[K  template argument deduction/substitution failed:
[01m[K/home/lulu/gits/Multi-Object-Tracking/track_ws/src/mot_tracking/src/data_source/kitti_reader.h:189:100:[m[K [01;36m[Knote: [m[K  ‘[01m[Kstd::basic_ostream<char>::__ostream_type[m[K’ {aka ‘[01m[Kstd::basic_ostream<char>[m[K’} is not derived from ‘[01m[Kconst std::queue<_Tp, _Seq>[m[K’
  189 |         cout<<"typei"<<trackclass<<classname2id[trackclass]<<_trackclass[classname2id[trackclass]]<[01;36m[Kendl[m[K;
      |                                                                                                    [01;36m[K^~~~[m[K
In file included from [01m[K/usr/include/c++/12/bits/ios_base.h:46[m[K:
[01m[K/usr/include/c++/12/system_error:269:3:[m[K [01;36m[Knote: [m[Kcandidate: ‘[01m[Kbool std::operator<(const error_code&, const error_code&)[m[K’
  269 |   [01;36m[Koperator[m[K<(const error_code& __lhs, const error_code& __rhs) noexcept
      |   [01;36m[K^~~~~~~~[m[K
[01m[K/usr/include/c++/12/system_error:269:31:[m[K [01;36m[Knote: [m[K  no known conversion for argument 1 from ‘[01m[Kstd::basic_ostream<char>::__ostream_type[m[K’ {aka ‘[01m[Kstd::basic_ostream<char>[m[K’} to ‘[01m[Kconst std::error_code&[m[K’
  269 |   operator<([01;36m[Kconst error_code& __lhs[m[K, const error_code& __rhs) noexcept
      |             [01;36m[K~~~~~~~~~~~~~~~~~~^~~~~[m[K
[01m[K/usr/include/c++/12/system_error:398:3:[m[K [01;36m[Knote: [m[Kcandidate: ‘[01m[Kbool std::operator<(const error_condition&, const error_condition&)[m[K’
  398 |   [01;36m[Koperator[m[K<(const error_condition& __lhs,
      |   [01;36m[K^~~~~~~~[m[K
[01m[K/usr/include/c++/12/system_error:398:36:[m[K [01;36m[Knote: [m[K  no known conversion for argument 1 from ‘[01m[Kstd::basic_ostream<char>::__ostream_type[m[K’ {aka ‘[01m[Kstd::basic_ostream<char>[m[K’} to ‘[01m[Kconst std::error_condition&[m[K’
  398 |   operator<([01;36m[Kconst error_condition& __lhs[m[K,
      |             [01;36m[K~~~~~~~~~~~~~~~~~~~~~~~^~~~~[m[K
In file included from [01m[K/usr/include/eigen3/unsupported/Eigen/CXX11/Tensor:42[m[K,
                 from [01m[K/usr/include/opencv4/opencv2/core/eigen.hpp:64[m[K,
                 from [01m[K/home/lulu/gits/Multi-Object-Tracking/track_ws/src/mot_tracking/src/tracker.h:24[m[K:
[01m[K/usr/include/c++/12/thread:70:3:[m[K [01;36m[Knote: [m[Kcandidate: ‘[01m[Kbool std::operator<(thread::id, thread::id)[m[K’
   70 |   [01;36m[Koperator[m[K<(thread::id __x, thread::id __y) noexcept
      |   [01;36m[K^~~~~~~~[m[K
[01m[K/usr/include/c++/12/thread:70:24:[m[K [01;36m[Knote: [m[K  no known conversion for argument 1 from ‘[01m[Kstd::basic_ostream<char>::__ostream_type[m[K’ {aka ‘[01m[Kstd::basic_ostream<char>[m[K’} to ‘[01m[Kstd::thread::id[m[K’
   70 |   operator<([01;36m[Kthread::id __x[m[K, thread::id __y) noexcept
      |             [01;36m[K~~~~~~~~~~~^~~[m[K
[01m[K/home/lulu/gits/Multi-Object-Tracking/track_ws/src/mot_tracking/src/data_source/kitti_reader.h:[m[K In member function ‘[01m[Kdouble Kitti_Reader::load_Label_Data(std::string)[m[K’:
[01m[K/home/lulu/gits/Multi-Object-Tracking/track_ws/src/mot_tracking/src/data_source/kitti_reader.h:310:5:[m[K [01;35m[Kwarning: [m[Kcontrol reaches end of non-void function [[01;35m[K]8;;https://gcc.gnu.org/onlinedocs/gcc/Warning-Options.html#index-Wreturn-type-Wreturn-type]8;;[m[K]
  310 |     [01;35m[K}[m[K
      |     [01;35m[K^[m[K
make[2]: *** [CMakeFiles/tracking_node.dir/build.make:76: CMakeFiles/tracking_node.dir/src/testkitti.cpp.o] Error 1
make[1]: *** [CMakeFiles/Makefile2:677: CMakeFiles/tracking_node.dir/all] Error 2
make: *** [Makefile:146: all] Error 2
