Not searching for unused variables given on the command line.
[36m--[0m The C compiler identification is GNU 12.2.0
[36m--[0m The CXX compiler identification is GNU 12.2.0
[36m--[0m Detecting C compiler ABI info
[36m--[0m Detecting C compiler ABI info - done
[36m--[0m Check for working C compiler: /usr/bin/cc - skipped
[36m--[0m Detecting C compile features
[36m--[0m Detecting C compile features - done
[36m--[0m Detecting CXX compiler ABI info
[36m--[0m Detecting CXX compiler ABI info - done
[36m--[0m Check for working CXX compiler: /usr/bin/c++ - skipped
[36m--[0m Detecting CXX compile features
[36m--[0m Detecting CXX compile features - done
[36m--[0m Using CATKIN_DEVEL_PREFIX: /home/lulu/gits/Multi-Object-Tracking/track_ws/devel/.private/mot_tracking
[36m--[0m Using CMAKE_PREFIX_PATH: /home/lulu/gits/Multi-Object-Tracking/track_ws/devel
[36m--[0m This workspace overlays: /home/lulu/gits/Multi-Object-Tracking/track_ws/devel
[36m--[0m Found PythonInterp: /usr/bin/python3 (found suitable version "3.11.2", minimum required is "3")
[36m--[0m Using PYTHON_EXECUTABLE: /usr/bin/python3
[36m--[0m Using Debian Python package layout
[36m--[0m Using empy: /usr/bin/empy
[36m--[0m Using CATKIN_ENABLE_TESTING: ON
[36m--[0m Call enable_testing()
[36m--[0m Using CATKIN_TEST_RESULTS_DIR: /home/lulu/gits/Multi-Object-Tracking/track_ws/build/mot_tracking/test_results
[36m--[0m GTest is not available. Please install libgtest-dev to enable tests involving GTest.
[36m--[0m GMock is not available. Please install libgmock-dev to enable tests involving GMock.
[36m--[0m nosetests not found, Python tests can not be run (try installing package 'python3-nose')
[36m--[0m Performing Test CMAKE_HAVE_LIBC_PTHREAD
[36m--[0m Performing Test CMAKE_HAVE_LIBC_PTHREAD - Success
[36m--[0m Found Threads: TRUE
[36m--[0m catkin 0.8.10
[36m--[0m BUILD_SHARED_LIBS is on
[36m--[0m Found pluginlib: 5.2.1 (/usr/share/pluginlib/cmake)
[36m--[0m Found Python3: /usr/bin/python3 (found version "3.11.2") found components: Interpreter
[36m--[0m Found OpenCV: /usr/local (found version "4.1.0")
[36m--[0m Checking for module 'eigen3'
[36m--[0m   Found eigen3, version 3.4.0
[36m--[0m Found Eigen: /usr/include/eigen3 (Required is at least version "3.3")
[36m--[0m Eigen found (include: /usr/include/eigen3, version: 3.4.0)
[36m--[0m Found Boost: /usr/lib/x86_64-linux-gnu/cmake/Boost-1.74.0/BoostConfig.cmake (found suitable version "1.74.0", minimum required is "1.65.0") found components: system filesystem date_time iostreams serialization
[36m--[0m Found flann version 1.9.2
[36m--[0m Found GLEW: /usr/lib/x86_64-linux-gnu/libGLEW.so
[36m--[0m Found OpenGL: /usr/lib/x86_64-linux-gnu/libOpenGL.so  found components: OpenGL GLX
[36m--[0m Found MPI_C: /usr/lib/x86_64-linux-gnu/libmpi.so (found version "3.1")
[36m--[0m Found MPI: TRUE (found version "3.1") found components: C
[36m--[0m Found JsonCpp: /usr/lib/x86_64-linux-gnu/libjsoncpp.so (found suitable version "1.9.5", minimum required is "0.7.0")
[36m--[0m Found ZLIB: /usr/lib/x86_64-linux-gnu/libz.so (found version "1.2.13")
[36m--[0m Found PNG: /usr/lib/x86_64-linux-gnu/libpng.so (found version "1.6.39")
[36m--[0m Found Eigen3: /usr/include/eigen3 (found version "3.4.0")
[36m--[0m Found X11: /usr/include
[36m--[0m Looking for XOpenDisplay in /usr/lib/x86_64-linux-gnu/libX11.so;/usr/lib/x86_64-linux-gnu/libXext.so
[36m--[0m Looking for XOpenDisplay in /usr/lib/x86_64-linux-gnu/libX11.so;/usr/lib/x86_64-linux-gnu/libXext.so - found
[36m--[0m Looking for gethostbyname
[36m--[0m Looking for gethostbyname - found
[36m--[0m Looking for connect
[36m--[0m Looking for connect - found
[36m--[0m Looking for remove
[36m--[0m Looking for remove - found
[36m--[0m Looking for shmat
[36m--[0m Looking for shmat - found
[36m--[0m Looking for IceConnectionNumber in ICE
[36m--[0m Looking for IceConnectionNumber in ICE - found
[36m--[0m Found EXPAT: /usr/lib/x86_64-linux-gnu/libexpat.so (found version "2.5.0")
[36m--[0m Found double-conversion: /usr/lib/x86_64-linux-gnu/libdouble-conversion.so
[36m--[0m Found LZ4: /usr/lib/x86_64-linux-gnu/liblz4.so (found version "1.9.4")
[36m--[0m Found LZMA: /usr/lib/x86_64-linux-gnu/liblzma.so (found version "5.4.1")
[36m--[0m Found JPEG: /usr/lib/x86_64-linux-gnu/libjpeg.so (found version "62")
[36m--[0m Found TIFF: /usr/lib/x86_64-linux-gnu/libtiff.so (found version "4.5.0")
[36m--[0m Found Freetype: /usr/lib/x86_64-linux-gnu/libfreetype.so (found version "2.12.1")
[36m--[0m Found utf8cpp: /usr/include/utf8cpp
[36m--[0m Checking for module 'libusb-1.0'
[36m--[0m   Found libusb-1.0, version 1.0.26
[36m--[0m Found libusb: /usr/lib/x86_64-linux-gnu/libusb-1.0.so
[36m--[0m Found OpenNI: /usr/lib/libOpenNI.so;libusb::libusb (found version "1.5.4.0")
[36m--[0m OpenNI found (version: 1.5.4.0, include: /usr/include/ni, lib: /usr/lib/libOpenNI.so;libusb::libusb)
[36m--[0m Found OpenNI2: /usr/lib/x86_64-linux-gnu/libOpenNI2.so;libusb::libusb (found version "2.2.0.33")
[36m--[0m OpenNI2 found (version: 2.2.0.33, include: /usr/include/openni2, lib: /usr/lib/x86_64-linux-gnu/libOpenNI2.so;libusb::libusb)
[0m** WARNING ** io features related to pcap will be disabled[0m
[36m--[0m Eigen found (include: /usr/include/eigen3, version: 3.4.0)
[36m--[0m OpenNI found (version: 1.5.4.0, include: /usr/include/ni, lib: /usr/lib/libOpenNI.so;libusb::libusb)
[36m--[0m OpenNI2 found (version: 2.2.0.33, include: /usr/include/openni2, lib: /usr/lib/x86_64-linux-gnu/libOpenNI2.so;libusb::libusb)
[36m--[0m Found Qhull version 8.0.2
[36m--[0m OpenNI found (version: 1.5.4.0, include: /usr/include/ni, lib: /usr/lib/libOpenNI.so;libusb::libusb)
[36m--[0m looking for PCL_COMMON
[36m--[0m Found PCL_COMMON: /usr/lib/x86_64-linux-gnu/libpcl_common.so
[36m--[0m looking for PCL_KDTREE
[36m--[0m Found PCL_KDTREE: /usr/lib/x86_64-linux-gnu/libpcl_kdtree.so
[36m--[0m looking for PCL_OCTREE
[36m--[0m Found PCL_OCTREE: /usr/lib/x86_64-linux-gnu/libpcl_octree.so
[36m--[0m looking for PCL_SEARCH
[36m--[0m Found PCL_SEARCH: /usr/lib/x86_64-linux-gnu/libpcl_search.so
[36m--[0m looking for PCL_SAMPLE_CONSENSUS
[36m--[0m Found PCL_SAMPLE_CONSENSUS: /usr/lib/x86_64-linux-gnu/libpcl_sample_consensus.so
[36m--[0m looking for PCL_FILTERS
[36m--[0m Found PCL_FILTERS: /usr/lib/x86_64-linux-gnu/libpcl_filters.so
[36m--[0m looking for PCL_2D
[36m--[0m Found PCL_2D: /usr/include/pcl-1.13
[36m--[0m looking for PCL_GEOMETRY
[36m--[0m Found PCL_GEOMETRY: /usr/include/pcl-1.13
[36m--[0m looking for PCL_IO
[36m--[0m Found PCL_IO: /usr/lib/x86_64-linux-gnu/libpcl_io.so
[36m--[0m looking for PCL_FEATURES
[36m--[0m Found PCL_FEATURES: /usr/lib/x86_64-linux-gnu/libpcl_features.so
[36m--[0m looking for PCL_ML
[36m--[0m Found PCL_ML: /usr/lib/x86_64-linux-gnu/libpcl_ml.so
[36m--[0m looking for PCL_SEGMENTATION
[36m--[0m Found PCL_SEGMENTATION: /usr/lib/x86_64-linux-gnu/libpcl_segmentation.so
[36m--[0m looking for PCL_VISUALIZATION
[36m--[0m Found PCL_VISUALIZATION: /usr/lib/x86_64-linux-gnu/libpcl_visualization.so
[36m--[0m looking for PCL_SURFACE
[36m--[0m Found PCL_SURFACE: /usr/lib/x86_64-linux-gnu/libpcl_surface.so
[36m--[0m looking for PCL_REGISTRATION
[36m--[0m Found PCL_REGISTRATION: /usr/lib/x86_64-linux-gnu/libpcl_registration.so
[36m--[0m looking for PCL_KEYPOINTS
[36m--[0m Found PCL_KEYPOINTS: /usr/lib/x86_64-linux-gnu/libpcl_keypoints.so
[36m--[0m looking for PCL_TRACKING
[36m--[0m Found PCL_TRACKING: /usr/lib/x86_64-linux-gnu/libpcl_tracking.so
[36m--[0m looking for PCL_RECOGNITION
[36m--[0m Found PCL_RECOGNITION: /usr/lib/x86_64-linux-gnu/libpcl_recognition.so
[36m--[0m looking for PCL_STEREO
[36m--[0m Found PCL_STEREO: /usr/lib/x86_64-linux-gnu/libpcl_stereo.so
[36m--[0m looking for PCL_APPS
[36m--[0m Found PCL_APPS: /usr/lib/x86_64-linux-gnu/libpcl_apps.so
[36m--[0m looking for PCL_IN_HAND_SCANNER
[36m--[0m Found PCL_IN_HAND_SCANNER: /usr/include/pcl-1.13
[36m--[0m looking for PCL_MODELER
[36m--[0m Found PCL_MODELER: /usr/include/pcl-1.13
[36m--[0m looking for PCL_POINT_CLOUD_EDITOR
[36m--[0m Found PCL_POINT_CLOUD_EDITOR: /usr/include/pcl-1.13
[36m--[0m looking for PCL_OUTOFCORE
[36m--[0m Found PCL_OUTOFCORE: /usr/lib/x86_64-linux-gnu/libpcl_outofcore.so
[36m--[0m looking for PCL_PEOPLE
[36m--[0m Found PCL_PEOPLE: /usr/lib/x86_64-linux-gnu/libpcl_people.so
[36m--[0m Found PCL: pcl_common;pcl_kdtree;pcl_octree;pcl_search;pcl_sample_consensus;pcl_filters;pcl_io;pcl_features;pcl_ml;pcl_segmentation;pcl_visualization;pcl_surface;pcl_registration;pcl_keypoints;pcl_tracking;pcl_recognition;pcl_stereo;pcl_apps;pcl_outofcore;pcl_people;Boost::system;Boost::filesystem;Boost::date_time;Boost::iostreams;Boost::serialization;/usr/lib/libOpenNI.so;libusb::libusb;/usr/lib/x86_64-linux-gnu/libOpenNI2.so;libusb::libusb;VTK::ChartsCore;VTK::CommonColor;VTK::CommonComputationalGeometry;VTK::CommonCore;VTK::CommonDataModel;VTK::CommonExecutionModel;VTK::CommonMath;VTK::CommonMisc;VTK::CommonTransforms;VTK::FiltersCore;VTK::FiltersExtraction;VTK::FiltersGeneral;VTK::FiltersGeometry;VTK::FiltersModeling;VTK::FiltersSources;VTK::ImagingCore;VTK::ImagingSources;VTK::InteractionImage;VTK::InteractionStyle;VTK::InteractionWidgets;VTK::IOCore;VTK::IOGeometry;VTK::IOImage;VTK::IOLegacy;VTK::IOPLY;VTK::RenderingAnnotation;VTK::RenderingCore;VTK::RenderingContext2D;VTK::RenderingLOD;VTK::RenderingFreeType;VTK::ViewsCore;VTK::ViewsContext2D;VTK::RenderingOpenGL2;VTK::RenderingContextOpenGL2;VTK::GUISupportQt;FLANN::FLANN;QHULL::QHULL (Required is at least version "1.8")
[36m--[0m Found Boost: /usr/lib/x86_64-linux-gnu/cmake/Boost-1.74.0/BoostConfig.cmake (found version "1.74.0") found components: filesystem thread system program_options
[36m--[0m Configuring done
[36m--[0m Generating done
[36m--[0m Build files have been written to: /home/lulu/gits/Multi-Object-Tracking/track_ws/build/mot_tracking
